app/build/outputs/logs/manifest-merger-release-report.txt
-- Merging decision tree log ---
manifest
ADDED from src\main\AndroidManifest.xml:2:1-121:12
	package
		ADDED from src\main\AndroidManifest.xml:3:5-33
		INJECTED from src\main\AndroidManifest.xml
		INJECTED from src\main\AndroidManifest.xml
	android:versionName
		INJECTED from src\main\AndroidManifest.xml
		INJECTED from src\main\AndroidManifest.xml
	xmlns:android
		ADDED from src\main\AndroidManifest.xml:2:11-69
	android:versionCode
		INJECTED from src\main\AndroidManifest.xml
		INJECTED from src\main\AndroidManifest.xml
uses-permission#android.permission.CALL_PHONE
ADDED from src\main\AndroidManifest.xml:5:5-69
	android:name
		ADDED from src\main\AndroidManifest.xml:5:22-66
uses-permission#android.permission.READ_EXTERNAL_STORAGE
ADDED from src\main\AndroidManifest.xml:6:5-80
	android:name
		ADDED from src\main\AndroidManifest.xml:6:22-77
uses-permission#android.permission.VIBRATE
ADDED from src\main\AndroidManifest.xml:7:5-66
	android:name
		ADDED from src\main\AndroidManifest.xml:7:22-63
uses-permission#android.permission.CAMERA
ADDED from src\main\AndroidManifest.xml:8:5-65
	android:name
		ADDED from src\main\AndroidManifest.xml:8:22-62
uses-feature#android.hardware.camera
ADDED from src\main\AndroidManifest.xml:10:5-60
	android:name
		ADDED from src\main\AndroidManifest.xml:10:19-57
uses-feature#android.hardware.camera.autofocus
ADDED from src\main\AndroidManifest.xml:11:5-70
	android:name
		ADDED from src\main\AndroidManifest.xml:11:19-67
uses-permission#android.permission.INTERNET
ADDED from src\main\AndroidManifest.xml:12:5-67
MERGED from [ren.yale.android:cachewebviewlib:1.4.0] AndroidManifest.xml:11:5-67
MERGED from [:alipaySdk-15.5.9-20181123210601:] AndroidManifest.xml:18:5-67
	android:name
		ADDED from src\main\AndroidManifest.xml:12:22-64
uses-permission#android.permission.MODIFY_AUDIO_SETTINGS
ADDED from src\main\AndroidManifest.xml:13:5-80
	android:name
		ADDED from src\main\AndroidManifest.xml:13:22-77
uses-permission#android.permission.WRITE_EXTERNAL_STORAGE
ADDED from src\main\AndroidManifest.xml:14:5-81
MERGED from [:alipaySdk-15.5.9-20181123210601:] AndroidManifest.xml:22:5-81
	android:name
		ADDED from src\main\AndroidManifest.xml:14:22-78
uses-permission#android.permission.ACCESS_WIFI_STATE
ADDED from src\main\AndroidManifest.xml:15:5-76
MERGED from [ren.yale.android:cachewebviewlib:1.4.0] AndroidManifest.xml:13:5-76
MERGED from [:alipaySdk-15.5.9-20181123210601:] AndroidManifest.xml:20:5-76
	android:name
		ADDED from src\main\AndroidManifest.xml:15:22-73
uses-permission#android.permission.READ_PHONE_STATE
ADDED from src\main\AndroidManifest.xml:16:5-75
MERGED from [:alipaySdk-15.5.9-20181123210601:] AndroidManifest.xml:21:5-75
	android:name
		ADDED from src\main\AndroidManifest.xml:16:22-72
uses-permission#android.permission.ACCESS_NETWORK_STATE
ADDED from src\main\AndroidManifest.xml:17:5-79
MERGED from [ren.yale.android:cachewebviewlib:1.4.0] AndroidManifest.xml:12:5-79
MERGED from [:alipaySdk-15.5.9-20181123210601:] AndroidManifest.xml:19:5-79
	android:name
		ADDED from src\main\AndroidManifest.xml:17:22-76
uses-permission#android.permission.SYSTEM_ALERT_WINDOW
ADDED from src\main\AndroidManifest.xml:18:5-78
	android:name
		ADDED from src\main\AndroidManifest.xml:18:22-75
uses-permission#android.permission.BLUETOOTH
ADDED from src\main\AndroidManifest.xml:22:5-68
	android:name
		ADDED from src\main\AndroidManifest.xml:22:22-65
uses-permission#android.permission.BLUETOOTH_ADMIN
ADDED from src\main\AndroidManifest.xml:23:5-74
	android:name
		ADDED from src\main\AndroidManifest.xml:23:22-71
uses-permission#android.permission.ACCESS_COARSE_LOCATION
ADDED from src\main\AndroidManifest.xml:24:5-81
	android:name
		ADDED from src\main\AndroidManifest.xml:24:22-78
uses-permission#android.permission.ACCESS_FINE_LOCATION
ADDED from src\main\AndroidManifest.xml:25:5-79
	android:name
		ADDED from src\main\AndroidManifest.xml:25:22-76
uses-permission#com.pos.permission.ACCESSORY_DATETIME
ADDED from src\main\AndroidManifest.xml:26:5-77
	android:name
		ADDED from src\main\AndroidManifest.xml:26:22-74
uses-permission#com.pos.permission.ACCESSORY_LED
ADDED from src\main\AndroidManifest.xml:27:5-72
	android:name
		ADDED from src\main\AndroidManifest.xml:27:22-69
uses-permission#com.pos.permission.ACCESSORY_BEEP
ADDED from src\main\AndroidManifest.xml:28:5-73
	android:name
		ADDED from src\main\AndroidManifest.xml:28:22-70
uses-permission#com.pos.permission.ACCESSORY_RFREGISTER
ADDED from src\main\AndroidManifest.xml:29:5-79
	android:name
		ADDED from src\main\AndroidManifest.xml:29:22-76
uses-permission#com.pos.permission.CARD_READER_ICC
ADDED from src\main\AndroidManifest.xml:30:5-74
	android:name
		ADDED from src\main\AndroidManifest.xml:30:22-71
uses-permission#com.pos.permission.CARD_READER_PICC
ADDED from src\main\AndroidManifest.xml:31:5-75
	android:name
		ADDED from src\main\AndroidManifest.xml:31:22-72
uses-permission#com.pos.permission.CARD_READER_MAG
ADDED from src\main\AndroidManifest.xml:32:5-74
	android:name
		ADDED from src\main\AndroidManifest.xml:32:22-71
uses-permission#com.pos.permission.COMMUNICATION
ADDED from src\main\AndroidManifest.xml:33:5-72
	android:name
		ADDED from src\main\AndroidManifest.xml:33:22-69
uses-permission#com.pos.permission.PRINTER
ADDED from src\main\AndroidManifest.xml:34:5-66
	android:name
		ADDED from src\main\AndroidManifest.xml:34:22-63
uses-permission#com.pos.permission.SECURITY
ADDED from src\main\AndroidManifest.xml:35:5-67
	android:name
		ADDED from src\main\AndroidManifest.xml:35:22-64
supports-screens
ADDED from src\main\AndroidManifest.xml:37:5-51
MERGED from [:alipaySdk-15.5.9-20181123210601:] AndroidManifest.xml:11:5-16:39
	android:largeScreens
		ADDED from [:alipaySdk-15.5.9-20181123210601:] AndroidManifest.xml:13:9-36
	android:smallScreens
		ADDED from [:alipaySdk-15.5.9-20181123210601:] AndroidManifest.xml:16:9-36
	android:normalScreens
		ADDED from [:alipaySdk-15.5.9-20181123210601:] AndroidManifest.xml:14:9-37
	android:resizeable
		ADDED from [:alipaySdk-15.5.9-20181123210601:] AndroidManifest.xml:15:9-34
	android:anyDensity
		ADDED from src\main\AndroidManifest.xml:37:23-48
application
ADDED from src\main\AndroidManifest.xml:39:5-119:19
MERGED from [ren.yale.android:cachewebviewlib:1.4.0] AndroidManifest.xml:15:5-21:19
MERGED from [com.mamengmami.android:waveswiperefreshlayout:1.0.0] AndroidManifest.xml:11:5-15:19
MERGED from [com.android.support:design:25.2.0] AndroidManifest.xml:25:5-20
MERGED from [com.android.support:transition:25.2.0] AndroidManifest.xml:22:5-20
MERGED from [com.android.support:appcompat-v7:25.2.0] AndroidManifest.xml:25:5-20
MERGED from [com.android.support:animated-vector-drawable:25.2.0] AndroidManifest.xml:22:5-20
MERGED from [com.android.support:support-vector-drawable:25.2.0] AndroidManifest.xml:23:5-20
MERGED from [com.zzhoujay.markdown:markdown:1.0.5] AndroidManifest.xml:12:5-20
MERGED from [com.scwang.smartrefresh:SmartRefreshLayout:1.1.0-alpha-12] AndroidManifest.xml:11:5-15:19
MERGED from [com.android.support:support-v4:25.2.0] AndroidManifest.xml:25:5-20
MERGED from [com.android.support:support-fragment:25.2.0] AndroidManifest.xml:25:5-20
MERGED from [com.android.support:support-media-compat:25.2.0] AndroidManifest.xml:25:5-20
MERGED from [com.android.support:support-core-ui:25.2.0] AndroidManifest.xml:25:5-20
MERGED from [com.android.support:support-core-utils:25.2.0] AndroidManifest.xml:25:5-20
MERGED from [com.android.support:support-compat:25.2.0] AndroidManifest.xml:25:5-20
MERGED from [de.hdodenhof:circleimageview:2.1.0] AndroidManifest.xml:9:5-20
MERGED from [:alipaySdk-15.5.9-20181123210601:] AndroidManifest.xml:24:5-52:19
MERGED from [com.blankj:utilcode:1.25.9] AndroidManifest.xml:9:5-33:19
MERGED from [com.just.agentweb:agentweb:4.1.2] AndroidManifest.xml:11:5-30:19
	android:label
		ADDED from src\main\AndroidManifest.xml:43:9-41
	android:supportsRtl
		ADDED from src\main\AndroidManifest.xml:45:9-35
	android:resizeableActivity
		ADDED from src\main\AndroidManifest.xml:44:9-42
	android:allowBackup
		ADDED from src\main\AndroidManifest.xml:41:9-35
	android:icon
		ADDED from src\main\AndroidManifest.xml:42:9-36
	android:theme
		ADDED from src\main\AndroidManifest.xml:46:9-40
	android:name
		ADDED from src\main\AndroidManifest.xml:40:9-38
activity#com.wycd.yushangpu.ui.BlueToothActivity
ADDED from src\main\AndroidManifest.xml:47:9-67
	android:name
		ADDED from src\main\AndroidManifest.xml:47:19-55
activity#com.wycd.yushangpu.ui.PrintSetActivity
ADDED from src\main\AndroidManifest.xml:48:9-53:15
	android:screenOrientation
		ADDED from src\main\AndroidManifest.xml:51:13-50
	android:exported
		ADDED from src\main\AndroidManifest.xml:50:13-37
	android:windowSoftInputMode
		ADDED from src\main\AndroidManifest.xml:52:13-70
	android:name
		ADDED from src\main\AndroidManifest.xml:49:13-48
meta-data#android.notch_support
ADDED from src\main\AndroidManifest.xml:54:9-56:36
	android:value
		ADDED from src\main\AndroidManifest.xml:56:13-33
	android:name
		ADDED from src\main\AndroidManifest.xml:55:13-49
meta-data#notch.config
ADDED from src\main\AndroidManifest.xml:57:9-59:50
	android:value
		ADDED from src\main\AndroidManifest.xml:59:13-47
	android:name
		ADDED from src\main\AndroidManifest.xml:58:13-40
activity#com.wycd.yushangpu.ui.LoginActivity
ADDED from src\main\AndroidManifest.xml:60:9-69:20
	android:label
		ADDED from src\main\AndroidManifest.xml:62:13-45
	android:windowSoftInputMode
		ADDED from src\main\AndroidManifest.xml:63:13-67
	android:name
		ADDED from src\main\AndroidManifest.xml:61:13-45
intent-filter#android.intent.action.MAIN+android.intent.category.LAUNCHER
ADDED from src\main\AndroidManifest.xml:64:13-68:29
action#android.intent.action.MAIN
ADDED from src\main\AndroidManifest.xml:65:17-69
	android:name
		ADDED from src\main\AndroidManifest.xml:65:25-66
category#android.intent.category.LAUNCHER
ADDED from src\main\AndroidManifest.xml:67:17-77
	android:name
		ADDED from src\main\AndroidManifest.xml:67:27-74
activity#com.wycd.yushangpu.ui.HomeActivity
ADDED from src\main\AndroidManifest.xml:74:9-79:73
	android:screenOrientation
		ADDED from src\main\AndroidManifest.xml:78:13-50
	android:label
		ADDED from src\main\AndroidManifest.xml:77:13-45
	android:exported
		ADDED from src\main\AndroidManifest.xml:76:13-37
	android:windowSoftInputMode
		ADDED from src\main\AndroidManifest.xml:79:13-70
	android:name
		ADDED from src\main\AndroidManifest.xml:75:13-44
activity#com.wycd.yushangpu.web.WebActivity
ADDED from src\main\AndroidManifest.xml:85:9-89:53
	android:screenOrientation
		ADDED from src\main\AndroidManifest.xml:89:13-50
	android:label
		ADDED from src\main\AndroidManifest.xml:88:13-45
	android:exported
		ADDED from src\main\AndroidManifest.xml:87:13-37
	android:name
		ADDED from src\main\AndroidManifest.xml:86:13-44
activity#com.wycd.yushangpu.ui.HtmlActivity
ADDED from src\main\AndroidManifest.xml:90:9-94:58
	android:screenOrientation
		ADDED from src\main\AndroidManifest.xml:93:13-50
	android:exported
		ADDED from src\main\AndroidManifest.xml:92:13-37
	android:windowSoftInputMode
		ADDED from src\main\AndroidManifest.xml:94:13-55
	android:name
		ADDED from src\main\AndroidManifest.xml:91:13-44
activity#com.wycd.yushangpu.wxapi.WXPayEntryActivity
ADDED from src\main\AndroidManifest.xml:95:9-98:46
	android:launchMode
		ADDED from src\main\AndroidManifest.xml:98:13-43
	android:exported
		ADDED from src\main\AndroidManifest.xml:97:13-36
	android:name
		ADDED from src\main\AndroidManifest.xml:96:13-53
activity#com.alipay.sdk.app.H5PayActivity
ADDED from src\main\AndroidManifest.xml:99:9-103:50
MERGED from [:alipaySdk-15.5.9-20181123210601:] AndroidManifest.xml:29:9-34:20
	android:screenOrientation
		ADDED from src\main\AndroidManifest.xml:103:13-47
	android:exported
		ADDED from src\main\AndroidManifest.xml:102:13-37
	android:configChanges
		ADDED from src\main\AndroidManifest.xml:101:13-74
	android:name
		ADDED from src\main\AndroidManifest.xml:100:13-60
activity#com.alipay.sdk.auth.AuthActivity
ADDED from src\main\AndroidManifest.xml:104:9-108:50
	android:screenOrientation
		ADDED from src\main\AndroidManifest.xml:108:13-47
	android:exported
		ADDED from src\main\AndroidManifest.xml:107:13-37
	android:configChanges
		ADDED from src\main\AndroidManifest.xml:106:13-74
	android:name
		ADDED from src\main\AndroidManifest.xml:105:13-60
activity#com.wycd.yushangpu.wxapi.WXEntryActivity
ADDED from src\main\AndroidManifest.xml:109:9-114:75
	android:screenOrientation
		ADDED from src\main\AndroidManifest.xml:113:13-49
	android:exported
		ADDED from src\main\AndroidManifest.xml:112:13-36
	android:configChanges
		ADDED from src\main\AndroidManifest.xml:111:13-74
	android:theme
		ADDED from src\main\AndroidManifest.xml:114:13-72
	android:name
		ADDED from src\main\AndroidManifest.xml:110:13-50
meta-data#UMENG_APPKEY
ADDED from src\main\AndroidManifest.xml:116:9-118:56
	android:value
		ADDED from src\main\AndroidManifest.xml:118:13-53
	android:name
		ADDED from src\main\AndroidManifest.xml:117:13-40
uses-sdk
INJECTED from src\main\AndroidManifest.xml reason: use-sdk injection requested
MERGED from [com.android.support:multidex:1.0.1] AndroidManifest.xml:18:5-42
MERGED from [ren.yale.android:cachewebviewlib:1.4.0] AndroidManifest.xml:7:5-9:41
MERGED from [com.mamengmami.android:waveswiperefreshlayout:1.0.0] AndroidManifest.xml:7:5-9:41
MERGED from [com.android.support:design:25.2.0] AndroidManifest.xml:21:5-23:62
MERGED from [com.android.support:recyclerview-v7:25.2.0] AndroidManifest.xml:20:5-43
MERGED from [com.android.support:transition:25.2.0] AndroidManifest.xml:20:5-44
MERGED from [com.zzhoujay.richtext:richtext:2.5.2] AndroidManifest.xml:8:5-10:41
MERGED from [com.android.support:appcompat-v7:25.2.0] AndroidManifest.xml:21:5-23:78
MERGED from [com.android.support:animated-vector-drawable:25.2.0] AndroidManifest.xml:20:5-44
MERGED from [com.android.support:support-vector-drawable:25.2.0] AndroidManifest.xml:21:5-43
MERGED from [com.zzhoujay.markdown:markdown:1.0.5] AndroidManifest.xml:8:5-10:41
MERGED from [com.scwang.smartrefresh:SmartRefreshLayout:1.1.0-alpha-12] AndroidManifest.xml:7:5-9:41
MERGED from [com.facebook.fresco:fresco:0.12.0] AndroidManifest.xml:5:5-7:41
MERGED from [com.facebook.fresco:drawee:0.12.0] AndroidManifest.xml:5:5-7:41
MERGED from [com.facebook.fresco:imagepipeline:0.12.0] AndroidManifest.xml:5:5-7:41
MERGED from [com.facebook.fresco:imagepipeline-base:0.12.0] AndroidManifest.xml:5:5-7:41
MERGED from [com.android.support:support-v4:25.2.0] AndroidManifest.xml:21:5-23:54
MERGED from [com.android.support:support-fragment:25.2.0] AndroidManifest.xml:21:5-23:60
MERGED from [com.android.support:support-media-compat:25.2.0] AndroidManifest.xml:21:5-23:63
MERGED from [com.android.support:support-core-ui:25.2.0] AndroidManifest.xml:21:5-23:58
MERGED from [com.android.support:support-core-utils:25.2.0] AndroidManifest.xml:21:5-23:61
MERGED from [com.android.support:support-compat:25.2.0] AndroidManifest.xml:21:5-23:58
MERGED from [com.facebook.fresco:fbcore:0.12.0] AndroidManifest.xml:5:5-7:41
MERGED from [com.gyf.immersionbar:immersionbar:2.3.3-beta15] AndroidManifest.xml:6:5-8:41
MERGED from [com.youth.banner:banner:1.4.10] AndroidManifest.xml:7:5-9:41
MERGED from [de.hdodenhof:circleimageview:2.1.0] AndroidManifest.xml:5:5-7:41
MERGED from [:alipaySdk-15.5.9-20181123210601:] AndroidManifest.xml:7:5-9:41
MERGED from [com.blankj:utilcode:1.25.9] AndroidManifest.xml:7:5-44
MERGED from [com.just.agentweb:agentweb:4.1.2] AndroidManifest.xml:7:5-9:41
	tools:overrideLibrary
		ADDED from [com.android.support:design:25.2.0] AndroidManifest.xml:23:9-59
	android:targetSdkVersion
		INJECTED from src\main\AndroidManifest.xml
		INJECTED from src\main\AndroidManifest.xml
	android:minSdkVersion
		INJECTED from src\main\AndroidManifest.xml
		INJECTED from src\main\AndroidManifest.xml
service#ren.yale.android.cachewebviewlib.CachePreLoadService
ADDED from [ren.yale.android:cachewebviewlib:1.4.0] AndroidManifest.xml:19:9-20:19
	android:name
		ADDED from [ren.yale.android:cachewebviewlib:1.4.0] AndroidManifest.xml:19:18-85
uses-library#org.apache.http.legacy
ADDED from [:alipaySdk-15.5.9-20181123210601:] AndroidManifest.xml:25:9-27:40
	android:required
		ADDED from [:alipaySdk-15.5.9-20181123210601:] AndroidManifest.xml:27:13-37
	android:name
		ADDED from [:alipaySdk-15.5.9-20181123210601:] AndroidManifest.xml:26:13-50
activity#com.alipay.sdk.app.H5AuthActivity
ADDED from [:alipaySdk-15.5.9-20181123210601:] AndroidManifest.xml:35:9-40:20
	android:screenOrientation
		ADDED from [:alipaySdk-15.5.9-20181123210601:] AndroidManifest.xml:39:13-47
	android:exported
		ADDED from [:alipaySdk-15.5.9-20181123210601:] AndroidManifest.xml:38:13-37
	android:configChanges
		ADDED from [:alipaySdk-15.5.9-20181123210601:] AndroidManifest.xml:37:13-74
	android:name
		ADDED from [:alipaySdk-15.5.9-20181123210601:] AndroidManifest.xml:36:13-61
activity#com.alipay.sdk.app.PayResultActivity
ADDED from [:alipaySdk-15.5.9-20181123210601:] AndroidManifest.xml:41:9-51:20
	android:screenOrientation
		ADDED from [:alipaySdk-15.5.9-20181123210601:] AndroidManifest.xml:46:13-49
	android:launchMode
		ADDED from [:alipaySdk-15.5.9-20181123210601:] AndroidManifest.xml:45:13-48
	android:exported
		ADDED from [:alipaySdk-15.5.9-20181123210601:] AndroidManifest.xml:44:13-36
	android:configChanges
		ADDED from [:alipaySdk-15.5.9-20181123210601:] AndroidManifest.xml:43:13-74
	android:theme
		ADDED from [:alipaySdk-15.5.9-20181123210601:] AndroidManifest.xml:47:13-72
	android:name
		ADDED from [:alipaySdk-15.5.9-20181123210601:] AndroidManifest.xml:42:13-64
intent-filter#android.intent.category.DEFAULT
ADDED from [:alipaySdk-15.5.9-20181123210601:] AndroidManifest.xml:48:13-50:29
category#android.intent.category.DEFAULT
ADDED from [:alipaySdk-15.5.9-20181123210601:] AndroidManifest.xml:49:17-76
	android:name
		ADDED from [:alipaySdk-15.5.9-20181123210601:] AndroidManifest.xml:49:27-73
activity#com.blankj.utilcode.util.PermissionUtils$PermissionActivity
ADDED from [com.blankj:utilcode:1.25.9] AndroidManifest.xml:10:9-15:75
	android:multiprocess
		ADDED from [com.blankj:utilcode:1.25.9] AndroidManifest.xml:13:13-40
	android:windowSoftInputMode
		ADDED from [com.blankj:utilcode:1.25.9] AndroidManifest.xml:15:13-72
	android:configChanges
		ADDED from [com.blankj:utilcode:1.25.9] AndroidManifest.xml:12:13-74
	android:theme
		ADDED from [com.blankj:utilcode:1.25.9] AndroidManifest.xml:14:13-55
	android:name
		ADDED from [com.blankj:utilcode:1.25.9] AndroidManifest.xml:11:13-87
provider#com.blankj.utilcode.util.Utils$FileProvider4UtilCode
ADDED from [com.blankj:utilcode:1.25.9] AndroidManifest.xml:17:9-26:20
	android:authorities
		ADDED from [com.blankj:utilcode:1.25.9] AndroidManifest.xml:19:13-69
	android:grantUriPermissions
		ADDED from [com.blankj:utilcode:1.25.9] AndroidManifest.xml:21:13-47
	android:multiprocess
		ADDED from [com.blankj:utilcode:1.25.9] AndroidManifest.xml:22:13-40
	android:exported
		ADDED from [com.blankj:utilcode:1.25.9] AndroidManifest.xml:20:13-37
	android:name
		ADDED from [com.blankj:utilcode:1.25.9] AndroidManifest.xml:18:13-80
meta-data#android.support.FILE_PROVIDER_PATHS
ADDED from [com.blankj:utilcode:1.25.9] AndroidManifest.xml:23:13-25:68
	android:resource
		ADDED from [com.blankj:utilcode:1.25.9] AndroidManifest.xml:25:17-65
	android:name
		ADDED from [com.blankj:utilcode:1.25.9] AndroidManifest.xml:24:17-67
service#com.blankj.utilcode.util.MessengerUtils$ServerService
ADDED from [com.blankj:utilcode:1.25.9] AndroidManifest.xml:28:9-32:19
	android:name
		ADDED from [com.blankj:utilcode:1.25.9] AndroidManifest.xml:28:18-86
intent-filter#${applicationId}.messenger
ADDED from [com.blankj:utilcode:1.25.9] AndroidManifest.xml:29:13-31:29
action#${applicationId}.messenger
ADDED from [com.blankj:utilcode:1.25.9] AndroidManifest.xml:30:17-69
	android:name
		ADDED from [com.blankj:utilcode:1.25.9] AndroidManifest.xml:30:25-66
provider#com.just.agentweb.AgentWebFileProvider
ADDED from [com.just.agentweb:agentweb:4.1.2] AndroidManifest.xml:12:9-20:20
	android:authorities
		ADDED from [com.just.agentweb:agentweb:4.1.2] AndroidManifest.xml:14:13-72
	android:grantUriPermissions
		ADDED from [com.just.agentweb:agentweb:4.1.2] AndroidManifest.xml:16:13-47
	android:exported
		ADDED from [com.just.agentweb:agentweb:4.1.2] AndroidManifest.xml:15:13-37
	android:name
		ADDED from [com.just.agentweb:agentweb:4.1.2] AndroidManifest.xml:13:13-66
activity#com.just.agentweb.ActionActivity
ADDED from [com.just.agentweb:agentweb:4.1.2] AndroidManifest.xml:22:9-29:20
	android:launchMode
		ADDED from [com.just.agentweb:agentweb:4.1.2] AndroidManifest.xml:26:13-42
	android:exported
		ADDED from [com.just.agentweb:agentweb:4.1.2] AndroidManifest.xml:25:13-37
	android:windowSoftInputMode
		ADDED from [com.just.agentweb:agentweb:4.1.2] AndroidManifest.xml:28:13-72
	android:configChanges
		ADDED from [com.just.agentweb:agentweb:4.1.2] AndroidManifest.xml:24:13-74
	android:theme
		ADDED from [com.just.agentweb:agentweb:4.1.2] AndroidManifest.xml:27:13-50
	android:name
		ADDED from [com.just.agentweb:agentweb:4.1.2] AndroidManifest.xml:23:13-60